2025-01-15 09:35:27,858 - INFO - select pg_catalog.version()
2025-01-15 09:35:27,858 - INFO - [raw sql] ()
2025-01-15 09:35:27,859 - INFO - select current_schema()
2025-01-15 09:35:27,860 - INFO - [raw sql] ()
2025-01-15 09:35:27,860 - INFO - show standard_conforming_strings
2025-01-15 09:35:27,861 - INFO - [raw sql] ()
2025-01-15 09:35:27,861 - INFO - BEGIN (implicit)
2025-01-15 09:35:27,862 - INFO - SELECT 1
2025-01-15 09:35:27,863 - INFO - [generated in 0.00024s] ()
2025-01-15 09:35:27,863 - INFO - ROLLBACK
2025-01-15 09:35:27,864 - INFO - Database connected successfully
2025-01-15 09:35:36,683 - INFO - BEGIN (implicit)
2025-01-15 09:35:36,686 - INFO - SELECT users.id, users.username, users.email, users.password 
FROM users 
WHERE users.email = $1::VARCHAR
2025-01-15 09:35:36,686 - INFO - [generated in 0.00032s] ('jaisssdsfdsdssssdsduw@gmail.com',)
2025-01-15 09:35:36,688 - INFO - ROLLBACK
2025-01-15 09:35:39,408 - INFO - BEGIN (implicit)
2025-01-15 09:35:39,408 - INFO - SELECT users.id, users.username, users.email, users.password 
FROM users 
WHERE users.email = $1::VARCHAR
2025-01-15 09:35:39,408 - INFO - [cached since 2.723s ago] ('jaisssdsfdsdssssdssduw@gmail.com',)
2025-01-15 09:35:39,654 - INFO - INSERT INTO users (id, username, email, password) VALUES ($1::UUID, $2::VARCHAR, $3::VARCHAR, $4::VARCHAR)
2025-01-15 09:35:39,654 - INFO - [generated in 0.00037s] (UUID('6bf18305-e008-41b2-8360-2dafc9872ce5'), 'rameshji', 'jaisssdsfdsdssssdssduw@gmail.com', '$2b$12$.huU1vdJ/JBli7Lzb3d3tuQOo0YJUB4v1BHREgAjM8HBEAsxWKNkm')
2025-01-15 09:35:39,656 - INFO - COMMIT
2025-01-15 09:35:39,658 - INFO - BEGIN (implicit)
2025-01-15 09:35:39,659 - INFO - SELECT users.id, users.username, users.email, users.password 
FROM users 
WHERE users.id = $1::UUID
2025-01-15 09:35:39,659 - INFO - [generated in 0.00019s] (UUID('6bf18305-e008-41b2-8360-2dafc9872ce5'),)
2025-01-15 09:35:39,661 - INFO - ROLLBACK
2025-01-15 09:36:13,760 - INFO - select pg_catalog.version()
2025-01-15 09:36:13,760 - INFO - [raw sql] ()
2025-01-15 09:36:13,761 - INFO - select current_schema()
2025-01-15 09:36:13,761 - INFO - [raw sql] ()
2025-01-15 09:36:13,762 - INFO - show standard_conforming_strings
2025-01-15 09:36:13,762 - INFO - [raw sql] ()
2025-01-15 09:36:13,763 - INFO - BEGIN (implicit)
2025-01-15 09:36:13,764 - INFO - SELECT 1
2025-01-15 09:36:13,764 - INFO - [generated in 0.00023s] ()
2025-01-15 09:36:13,765 - INFO - ROLLBACK
2025-01-15 09:36:13,765 - INFO - Database connected successfully
2025-01-15 09:36:16,443 - INFO - BEGIN (implicit)
2025-01-15 09:36:16,444 - INFO - SELECT users.id, users.username, users.email, users.password 
FROM users 
WHERE users.email = $1::VARCHAR
2025-01-15 09:36:16,444 - INFO - [generated in 0.00023s] ('jaisssdsfdsdssssdssduw@gmail.com',)
2025-01-15 09:36:16,446 - INFO - ROLLBACK
2025-01-15 09:36:18,788 - INFO - BEGIN (implicit)
2025-01-15 09:36:18,789 - INFO - SELECT users.id, users.username, users.email, users.password 
FROM users 
WHERE users.email = $1::VARCHAR
2025-01-15 09:36:18,789 - INFO - [cached since 2.345s ago] ('jaisssdsfdsdssssdsssduw@gmail.com',)
2025-01-15 09:36:19,054 - INFO - INSERT INTO users (id, username, email, password) VALUES ($1::UUID, $2::VARCHAR, $3::VARCHAR, $4::VARCHAR)
2025-01-15 09:36:19,055 - INFO - [generated in 0.00033s] (UUID('427f741f-62cd-4948-a5bc-4b9173f740f4'), 'rameshji', 'jaisssdsfdsdssssdsssduw@gmail.com', '$2b$12$CitwUrMXuV9zAP/L8tjBcOhOS1onxo2qGkGkct6uJ4Oh0ao.6aw1u')
2025-01-15 09:36:19,056 - INFO - COMMIT
2025-01-15 09:36:19,058 - INFO - BEGIN (implicit)
2025-01-15 09:36:19,059 - INFO - SELECT users.id, users.username, users.email, users.password 
FROM users 
WHERE users.id = $1::UUID
2025-01-15 09:36:19,059 - INFO - [generated in 0.00017s] (UUID('427f741f-62cd-4948-a5bc-4b9173f740f4'),)
2025-01-15 09:36:19,060 - INFO - ROLLBACK
2025-01-15 09:37:33,590 - INFO - select pg_catalog.version()
2025-01-15 09:37:33,590 - INFO - [raw sql] ()
2025-01-15 09:37:33,592 - INFO - select current_schema()
2025-01-15 09:37:33,592 - INFO - [raw sql] ()
2025-01-15 09:37:33,593 - INFO - show standard_conforming_strings
2025-01-15 09:37:33,593 - INFO - [raw sql] ()
2025-01-15 09:37:33,594 - INFO - BEGIN (implicit)
2025-01-15 09:37:33,595 - INFO - SELECT 1
2025-01-15 09:37:33,595 - INFO - [generated in 0.00016s] ()
2025-01-15 09:37:33,596 - INFO - ROLLBACK
2025-01-15 09:37:33,596 - INFO - Database connected successfully
2025-01-15 09:37:35,228 - INFO - BEGIN (implicit)
2025-01-15 09:37:35,230 - INFO - SELECT users.id, users.username, users.email, users.password 
FROM users 
WHERE users.email = $1::VARCHAR
2025-01-15 09:37:35,230 - INFO - [generated in 0.00026s] ('jaisssdsfdsdssssdsssduw@gmail.com',)
2025-01-15 09:37:35,232 - INFO - ROLLBACK
2025-01-15 09:37:37,623 - INFO - BEGIN (implicit)
2025-01-15 09:37:37,624 - INFO - SELECT users.id, users.username, users.email, users.password 
FROM users 
WHERE users.email = $1::VARCHAR
2025-01-15 09:37:37,624 - INFO - [cached since 2.394s ago] ('jaisssdsfdsdssssdssssduw@gmail.com',)
2025-01-15 09:37:37,889 - INFO - INSERT INTO users (id, username, email, password) VALUES ($1::UUID, $2::VARCHAR, $3::VARCHAR, $4::VARCHAR)
2025-01-15 09:37:37,889 - INFO - [generated in 0.00035s] (UUID('4b71efbf-5b79-49f0-8abb-6dbc4005e5cd'), 'rameshji', 'jaisssdsfdsdssssdssssduw@gmail.com', '$2b$12$JwyGCXa6c4ibUE4ebKOykeq.WDZAOrIxu7MyvSDkwFy3usgbfIAjm')
2025-01-15 09:37:37,890 - INFO - COMMIT
2025-01-15 09:37:37,893 - INFO - BEGIN (implicit)
2025-01-15 09:37:37,894 - INFO - SELECT users.id, users.username, users.email, users.password 
FROM users 
WHERE users.id = $1::UUID
2025-01-15 09:37:37,894 - INFO - [generated in 0.00016s] (UUID('4b71efbf-5b79-49f0-8abb-6dbc4005e5cd'),)
2025-01-15 09:37:37,895 - INFO - ROLLBACK
2025-01-15 09:38:05,132 - INFO - select pg_catalog.version()
2025-01-15 09:38:05,132 - INFO - [raw sql] ()
2025-01-15 09:38:05,134 - INFO - select current_schema()
2025-01-15 09:38:05,134 - INFO - [raw sql] ()
2025-01-15 09:38:05,135 - INFO - show standard_conforming_strings
2025-01-15 09:38:05,135 - INFO - [raw sql] ()
2025-01-15 09:38:05,136 - INFO - BEGIN (implicit)
2025-01-15 09:38:05,137 - INFO - SELECT 1
2025-01-15 09:38:05,137 - INFO - [generated in 0.00027s] ()
2025-01-15 09:38:05,138 - INFO - ROLLBACK
2025-01-15 09:38:05,139 - INFO - Database connected successfully
2025-01-15 09:38:08,059 - INFO - BEGIN (implicit)
2025-01-15 09:38:08,061 - INFO - SELECT users.id, users.username, users.email, users.password 
FROM users 
WHERE users.email = $1::VARCHAR
2025-01-15 09:38:08,061 - INFO - [generated in 0.00050s] ('jaisssdsfdsdssssdssssduw@gmail.com',)
2025-01-15 09:38:08,065 - INFO - ROLLBACK
2025-01-15 09:38:10,387 - INFO - BEGIN (implicit)
2025-01-15 09:38:10,388 - INFO - SELECT users.id, users.username, users.email, users.password 
FROM users 
WHERE users.email = $1::VARCHAR
2025-01-15 09:38:10,388 - INFO - [cached since 2.327s ago] ('jaisssdsfdsdssssdsssssduw@gmail.com',)
2025-01-15 09:38:10,626 - INFO - INSERT INTO users (id, username, email, password) VALUES ($1::UUID, $2::VARCHAR, $3::VARCHAR, $4::VARCHAR)
2025-01-15 09:38:10,626 - INFO - [generated in 0.00033s] (UUID('bd777768-58ea-4a0b-994f-8e4f8c1422f7'), 'rameshji', 'jaisssdsfdsdssssdsssssduw@gmail.com', '$2b$12$rQymKkR3m5S2DCjeflxME.M79eo2zzBqwNF5WNSe1kDQgiJv2zJU.')
2025-01-15 09:38:10,627 - INFO - COMMIT
2025-01-15 09:38:10,629 - INFO - BEGIN (implicit)
2025-01-15 09:38:10,630 - INFO - SELECT users.id, users.username, users.email, users.password 
FROM users 
WHERE users.id = $1::UUID
2025-01-15 09:38:10,630 - INFO - [generated in 0.00021s] (UUID('bd777768-58ea-4a0b-994f-8e4f8c1422f7'),)
2025-01-15 09:38:10,631 - INFO - ROLLBACK
